2026-03-07T23:41:36.340780+00:00 [HOST] connected to /dev/cu.usbmodem101
2026-03-07T23:41:36.357800+00:00 ESP-ROM:esp32s3-20210327
2026-03-07T23:41:36.357882+00:00 Build:Mar 27 2021
2026-03-07T23:41:36.357898+00:00 rst:0x15 (USB_UART_CHIP_RESET),boot:0x2b (SPI_FAST_FLASH_BOOT)
2026-03-07T23:41:36.357911+00:00 Saved PC:0x420a46a2
2026-03-07T23:41:36.357920+00:00 SPIWP:0xee
2026-03-07T23:41:36.357929+00:00 mode:DIO, clock div:1
2026-03-07T23:41:36.357938+00:00 load:0x3fce3808,len:0x4bc
2026-03-07T23:41:36.357946+00:00 load:0x403c9700,len:0xbd8
2026-03-07T23:41:36.357954+00:00 load:0x403cc700,len:0x2a0c
2026-03-07T23:41:36.630698+00:00 entry 0x403c98d0
2026-03-07T23:41:36.630765+00:00 [DIAG] boot=17 rst=USB_UART plan=none prev=DISARMED up=2437803ms age=15/35/34ms esc=0 bms=1 heap=110740/97920 cdmp=0
2026-03-07T23:41:36.630777+00:00 Build date/time: Mar  7 2026 18:00:26
2026-03-07T23:41:36.630786+00:00 Device data loaded from Preferences
2026-03-07T23:41:36.630794+00:00 Booting up V7.5 git:774115a
2026-03-07T23:41:36.940910+00:00 Error initializing BMP3xx barometer
2026-03-07T23:41:36.941093+00:00 Setting up SPI bus
2026-03-07T23:41:36.941160+00:00 Initializing display system
2026-03-07T23:41:37.858637+00:00 Display driver registered
2026-03-07T23:41:37.858842+00:00 [AlertDisplay] Init complete
2026-03-07T23:41:37.860560+00:00 Initializing BMS CAN...
2026-03-07T23:41:37.860712+00:00 BMS CAN initialized successfully
2026-03-07T23:41:37.860783+00:00 TWAI Driver installed
2026-03-07T23:41:37.860826+00:00 TWAI Driver started
2026-03-07T23:41:37.860964+00:00 CAN Alerts reconfigured
2026-03-07T23:41:37.915070+00:00 [BLE] Legacy adv start=OK mode=BONDED bonds=1 whitelist=1
2026-03-07T23:41:37.915242+00:00 BLE device ready
2026-03-07T23:41:37.915284+00:00 Waiting for a client connection...
2026-03-07T23:41:37.915329+00:00 Initializing Simple Monitor System
2026-03-07T23:41:37.915360+00:00 Monitoring 39 sensors
2026-03-07T23:41:37.915388+00:00 Displaying LVGL splash screen
2026-03-07T23:41:38.977582+00:00 {"diag_v":1,"hist_n":16,"cur":{"boot":17,"rst":"USB_UART","raw0":21,"raw1":21,"plan":"none","snap_ok":true,"prev_state":"DISARMED","prev_up_ms":2437803,"thr_age_ms":15,"ui_age_ms":35,"bms_age_ms":34,"free_heap":110740,"min_heap":97920,"esc_ok":false,"bms_ok":true,"cdmp":{"present":false,"valid":false}},"hist":[{"boot":2,"rst":"UNKNOWN","raw0":21,"raw1":21,"plan":"none","snap_ok":true,"prev_state":"DISARMED","prev_up_ms":273771,"thr_age_ms":2,"ui_age_ms":18,"bms_age_ms":101,"free_heap":113672,"min_heap":112932,"esc_ok":false,"bms_ok":true,"cdmp":{"present":false,"valid":false}},{"boot":3,"rst":"PANIC","raw0":12,"raw1":12,"plan":"none","snap_ok":true,"prev_state":"DISARMED","prev_up_ms":1558,"thr_age_ms":1,"ui_age_ms":2,"bms_age_ms":1,"free_heap":122076,"min_heap":122040,"esc_ok":false,"bms_ok":true,"cdmp":{"present":true,"valid":true,"task":"UI","pc":1077378974,"cause":29,"vaddr":0,"bt":[1077378974,1077410857,1077436553,1077413015,1107408209,1107408988]}},{"boot":4,"rst":"UNKNOWN","raw0":21,"raw1":21,"plan":"none","snap_ok":true,"prev_state":"DISARMED","prev_up_ms":25768,"thr_age_ms":1,"ui_age_ms":69,"bms_age_ms":100,"free_heap":114596,"min_heap":111836,"esc_ok":false,"bms_ok":true,"cdmp":{"present":false,"valid":false}},{"boot":5,"rst":"PANIC","raw0":12,"raw1":12,"plan":"none","snap_ok":true,"prev_state":"DISARMED","prev_up_ms":3561,"thr_age_ms":2,"ui_age_ms":2,"bms_age_ms":0,"free_heap":114724,"min_heap":114208,"esc_ok":false,"bms_ok":true,"cdmp":{"present":true,"valid":true,"task":"WebSerial","pc":1077362828,"cause":65,"vaddr":0,"bt":[1077362828]}},{"boot":6,"rst":"PANIC","raw0":12,"raw1":12,"plan":"none","snap_ok":true,"prev_state":"DISARMED","prev_up_ms":1606,"thr_age_ms":1,"ui_age_ms":2,"bms_age_ms":0,"free_heap":121572,"min_heap":121560,"esc_ok":false,"bms_ok":true,"cdmp":{"present":true,"valid":true,"task":"WebSerial","pc":1077362828,"cause":65,"vaddr":0,"bt":[1077362828]}},{"boot":7,"rst":"PANIC","raw0":12,"raw1":12,"plan":"none","snap_ok":true,"prev_state":"DISARMED","prev_up_ms":1603,"thr_age_ms":2,"ui_age_ms":3,"bms_age_ms":2,"free_heap":122076,"min_heap":122040,"esc_ok":false,"bms_ok":true,"cdmp":{"present":true,"valid":true,"task":"WebSerial","pc":1077362828,"cause":65,"vaddr":0,"bt":[1077362828]}},{"boot":8,"rst":"PANIC","raw0":12,"raw1":12,"plan":"none","snap_ok":true,"prev_state":"DISARMED","prev_up_ms":1613,"thr_age_ms":1,"ui_age_ms":1,"bms_age_ms":0,"free_heap":117196,"min_heap":116800,"esc_ok":false,"bms_ok":true,"cdmp":{"present":true,"valid":true,"task":"WebSerial","pc":1077362828,"cause":65,"vaddr":0,"bt":[1077362828]}},{"boot":9,"rst":"PANIC","raw0":12,"raw1":12,"plan":"none","snap_ok":true,"prev_state":"DISARMED","prev_up_ms":1602,"thr_age_ms":1,"ui_age_ms":1,"bms_age_ms":0,"free_heap":117196,"min_heap":117160,"esc_ok":false,"bms_ok":true,"cdmp":{"present":true,"valid":true,"task":"WebSerial","pc":1077362828,"cause":65,"vaddr":0,"bt":[1077362828]}},{"boot":10,"rst":"UNKNOWN","raw0":21,"raw1":21,"plan":"none","snap_ok":true,"prev_state":"DISARMED","prev_up_ms":47706,"thr_age_ms":4,"ui_age_ms":7,"bms_age_ms":3,"free_heap":113700,"min_heap":113180,"esc_ok":false,"bms_ok":true,"cdmp":{"present":false,"valid":false}},{"boot":11,"rst":"USB_UART","raw0":21,"raw1":21,"plan":"none","snap_ok":true,"prev_state":"DISARMED","prev_up_ms":477664,"thr_age_ms":12,"ui_age_ms":32,"bms_age_ms":8,"free_heap":113712,"min_heap":111684,"esc_ok":false,"bms_ok":true,"cdmp":{"present":false,"valid":false}},{"boot":12,"rst":"USB_UART","raw0":21,"raw1":21,"plan":"none","snap_ok":true,"prev_state":"DISARMED","prev_up_ms":14769,"thr_age_ms":3,"ui_age_ms":31,"bms_age_ms":0,"free_heap":111008,"min_heap":108980,"esc_ok":false,"bms_ok":true,"cdmp":{"present":false,"valid":false}},{"boot":13,"rst":"USB_UART","raw0":21,"raw1":21,"plan":"none","snap_ok":true,"prev_state":"DISARMED","prev_up_ms":33958,"thr_age_ms":3,"ui_age_ms":6,"bms_age_ms":3,"free_heap":110140,"min_heap":104804,"esc_ok":false,"bms_ok":true,"cdmp":{"present":false,"valid":false}},{"boot":14,"rst":"USB_UART","raw0":21,"raw1":21,"plan":"none","snap_ok":true,"prev_state":"DISARMED","prev_up_ms":63660,"thr_age_ms":4,"ui_age_ms":3,"bms_age_ms":2,"free_heap":110204,"min_heap":105828,"esc_ok":false,"bms_ok":true,"cdmp":{"present":false,"valid":false}},{"boot":15,"rst":"USB_UART","raw0":21,"raw1":21,"plan":"none","snap_ok":true,"prev_state":"DISARMED","prev_up_ms":157962,"thr_age_ms":2,"ui_age_ms":5,"bms_age_ms":1,"free_heap":108388,"min_heap":102828,"esc_ok":false,"bms_ok":true,"cdmp":{"present":false,"valid":false}},{"boot":16,"rst":"USB_UART","raw0":21,"raw1":21,"plan":"none","snap_ok":true,"prev_state":"DISARMED","prev_up_ms":14684,"thr_age_ms":1,"ui_age_ms":4,"bms_age_ms":1,"free_heap":110400,"min_heap":109492,"esc_ok":false,"bms_ok":true,"cdmp":{"present":false,"valid":false}},{"boot":17,"rst":"USB_UART","raw0":21,"raw1":21,"plan":"none","snap_ok":true,"prev_state":"DISARMED","prev_up_ms":2437803,"thr_age_ms":15,"ui_age_ms":35,"bms_age_ms":34,"free_heap":110740,"min_heap":97920,"esc_ok":false,"bms_ok":true,"cdmp":{"present":false,"valid":false}}]}
2026-03-07T23:41:39.035071+00:00 [FASTLINK] stats ok=0 fail=0 skippedNoConn=24 v=3 packet=23 uptime=2009 connected=0
2026-03-07T23:41:40.035361+00:00 {"diag_v":1,"hist_n":16,"cur":{"boot":17,"rst":"USB_UART","raw0":21,"raw1":21,"plan":"none","snap_ok":true,"prev_state":"DISARMED","prev_up_ms":2437803,"thr_age_ms":15,"ui_age_ms":35,"bms_age_ms":34,"free_heap":110740,"min_heap":97920,"esc_ok":false,"bms_ok":true,"cdmp":{"present":false,"valid":false}},"hist":[{"boot":2,"rst":"UNKNOWN","raw0":21,"raw1":21,"plan":"none","snap_ok":true,"prev_state":"DISARMED","prev_up_ms":273771,"thr_age_ms":2,"ui_age_ms":18,"bms_age_ms":101,"free_heap":113672,"min_heap":112932,"esc_ok":false,"bms_ok":true,"cdmp":{"present":false,"valid":false}},{"boot":3,"rst":"PANIC","raw0":12,"raw1":12,"plan":"none","snap_ok":true,"prev_state":"DISARMED","prev_up_ms":1558,"thr_age_ms":1,"ui_age_ms":2,"bms_age_ms":1,"free_heap":122076,"min_heap":122040,"esc_ok":false,"bms_ok":true,"cdmp":{"present":true,"valid":true,"task":"UI","pc":1077378974,"cause":29,"vaddr":0,"bt":[1077378974,1077410857,1077436553,1077413015,1107408209,1107408988]}},{"boot":4,"rst":"UNKNOWN","raw0":21,"raw1":21,"plan":"none","snap_ok":true,"prev_state":"DISARMED","prev_up_ms":25768,"thr_age_ms":1,"ui_age_ms":69,"bms_age_ms":100,"free_heap":114596,"min_heap":111836,"esc_ok":false,"bms_ok":true,"cdmp":{"present":false,"valid":false}},{"boot":5,"rst":"PANIC","raw0":12,"raw1":12,"plan":"none","snap_ok":true,"prev_state":"DISARMED","prev_up_ms":3561,"thr_age_ms":2,"ui_age_ms":2,"bms_age_ms":0,"free_heap":114724,"min_heap":114208,"esc_ok":false,"bms_ok":true,"cdmp":{"present":true,"valid":true,"task":"WebSerial","pc":1077362828,"cause":65,"vaddr":0,"bt":[1077362828]}},{"boot":6,"rst":"PANIC","raw0":12,"raw1":12,"plan":"none","snap_ok":true,"prev_state":"DISARMED","prev_up_ms":1606,"thr_age_ms":1,"ui_age_ms":2,"bms_age_ms":0,"free_heap":121572,"min_heap":121560,"esc_ok":false,"bms_ok":true,"cdmp":{"present":true,"valid":true,"task":"WebSerial","pc":1077362828,"cause":65,"vaddr":0,"bt":[1077362828]}},{"boot":7,"rst":"PANIC","raw0":12,"raw1":12,"plan":"none","snap_ok":true,"prev_state":"DISARMED","prev_up_ms":1603,"thr_age_ms":2,"ui_age_ms":3,"bms_age_ms":2,"free_heap":122076,"min_heap":122040,"esc_ok":false,"bms_ok":true,"cdmp":{"present":true,"valid":true,"task":"WebSerial","pc":1077362828,"cause":65,"vaddr":0,"bt":[1077362828]}},{"boot":8,"rst":"PANIC","raw0":12,"raw1":12,"plan":"none","snap_ok":true,"prev_state":"DISARMED","prev_up_ms":1613,"thr_age_ms":1,"ui_age_ms":1,"bms_age_ms":0,"free_heap":117196,"min_heap":116800,"esc_ok":false,"bms_ok":true,"cdmp":{"present":true,"valid":true,"task":"WebSerial","pc":1077362828,"cause":65,"vaddr":0,"bt":[1077362828]}},{"boot":9,"rst":"PANIC","raw0":12,"raw1":12,"plan":"none","snap_ok":true,"prev_state":"DISARMED","prev_up_ms":1602,"thr_age_ms":1,"ui_age_ms":1,"bms_age_ms":0,"free_heap":117196,"min_heap":117160,"esc_ok":false,"bms_ok":true,"cdmp":{"present":true,"valid":true,"task":"WebSerial","pc":1077362828,"cause":65,"vaddr":0,"bt":[1077362828]}},{"boot":10,"rst":"UNKNOWN","raw0":21,"raw1":21,"plan":"none","snap_ok":true,"prev_state":"DISARMED","prev_up_ms":47706,"thr_age_ms":4,"ui_age_ms":7,"bms_age_ms":3,"free_heap":113700,"min_heap":113180,"esc_ok":false,"bms_ok":true,"cdmp":{"present":false,"valid":false}},{"boot":11,"rst":"USB_UART","raw0":21,"raw1":21,"plan":"none","snap_ok":true,"prev_state":"DISARMED","prev_up_ms":477664,"thr_age_ms":12,"ui_age_ms":32,"bms_age_ms":8,"free_heap":113712,"min_heap":111684,"esc_ok":false,"bms_ok":true,"cdmp":{"present":false,"valid":false}},{"boot":12,"rst":"USB_UART","raw0":21,"raw1":21,"plan":"none","snap_ok":true,"prev_state":"DISARMED","prev_up_ms":14769,"thr_age_ms":3,"ui_age_ms":31,"bms_age_ms":0,"free_heap":111008,"min_heap":108980,"esc_ok":false,"bms_ok":true,"cdmp":{"present":false,"valid":false}},{"boot":13,"rst":"USB_UART","raw0":21,"raw1":21,"plan":"none","snap_ok":true,"prev_state":"DISARMED","prev_up_ms":33958,"thr_age_ms":3,"ui_age_ms":6,"bms_age_ms":3,"free_heap":110140,"min_heap":104804,"esc_ok":false,"bms_ok":true,"cdmp":{"present":false,"valid":false}},{"boot":14,"rst":"USB_UART","raw0":21,"raw1":21,"plan":"none","snap_ok":true,"prev_state":"DISARMED","prev_up_ms":63660,"thr_age_ms":4,"ui_age_ms":3,"bms_age_ms":2,"free_heap":110204,"min_heap":105828,"esc_ok":false,"bms_ok":true,"cdmp":{"present":false,"valid":false}},{"boot":15,"rst":"USB_UART","raw0":21,"raw1":21,"plan":"none","snap_ok":true,"prev_state":"DISARMED","prev_up_ms":157962,"thr_age_ms":2,"ui_age_ms":5,"bms_age_ms":1,"free_heap":108388,"min_heap":102828,"esc_ok":false,"bms_ok":true,"cdmp":{"present":false,"valid":false}},{"boot":16,"rst":"USB_UART","raw0":21,"raw1":21,"plan":"none","snap_ok":true,"prev_state":"DISARMED","prev_up_ms":14684,"thr_age_ms":1,"ui_age_ms":4,"bms_age_ms":1,"free_heap":110400,"min_heap":109492,"esc_ok":false,"bms_ok":true,"cdmp":{"present":false,"valid":false}},{"boot":17,"rst":"USB_UART","raw0":21,"raw1":21,"plan":"none","snap_ok":true,"prev_state":"DISARMED","prev_up_ms":2437803,"thr_age_ms":15,"ui_age_ms":35,"bms_age_ms":34,"free_heap":110740,"min_heap":97920,"esc_ok":false,"bms_ok":true,"cdmp":{"present":false,"valid":false}}]}
2026-03-07T23:41:40.089412+00:00 Setting up main screen after splash
2026-03-07T23:41:40.089683+00:00 Main screen loaded
2026-03-07T23:41:40.089743+00:00 {"mj_v":7,"mi_v":5,"arch":"ESP32S3","scr_rt":3,"ar_tme":56,"m_tmp":true,"m_alt":false,"prf":1,"sea_p":1013.25,"thm":0}
2026-03-07T23:41:40.089808+00:00 Init complete. UI + BMS loop running
2026-03-07T23:41:40.089841+00:00 Sensor monitoring enabled
2026-03-07T23:41:40.383618+00:00 [MONITOR] BMS reconnected - resettates
2026-03-07T23:41:40.383877+00:00 [3749] [CRIT_HIGH] BMS_Discharge_MOS = OFF
2026-03-07T23:41:40.383992+00:00 [3749] [WARN_HIGH] Baro_Init_Failure = OFF
2026-03-07T23:41:40.384063+00:00 [Alert] Sending UI update: crit=1 warn=0 critActive=1
2026-03-07T23:41:40.384119+00:00 [Alert] Sending UI update: crit=1 warn=1 critActive=1
2026-03-07T23:41:40.384163+00:00 [UI] Starting critical border flash
2026-03-07T23:41:40.693103+00:00 [FASTLINK] stats ok=0 fail=0 skippedNoConn=124 v=3 packet=123 uptime=4043 connected=0
2026-03-07T23:41:42.850081+00:00 [FASTLINK] stats ok=0 fail=0 skippedNoConn=224 v=3 packet=223 uptime=6043 connected=0
2026-03-07T23:41:42.850209+00:00 Device connected handle=1 addr=59:a6:86:b8:6b:f6 bonded=0 encrypted=0
2026-03-07T23:41:43.159669+00:00 [BLE] Auth complete addr=59:a6:86:b8:6b:f6 id=8c:c5:d0:6f:6d:89 bonded=1 encrypted=1 keySize=16
2026-03-07T23:41:44.081370+00:00 [BLE] Link tune handle=1 connParams=REQUESTED
2026-03-07T23:41:44.387260+00:00 [FASTLINK] stats ok=81 fail=0 skippedNoConn=243 v=3 packet=323 uptime=8042 connected=1
2026-03-07T23:41:45.619764+00:00 Device disconnected reason=531
2026-03-07T23:41:45.619834+00:00 [BLE] Legacy adv start=OK mode=BONDED bonds=1 whitelist=1
2026-03-07T23:41:46.545657+00:00 [FASTLINK] stats ok=132 fail=0 skippedNoConn=292 v=3 packet=423 uptime=10043 connected=0
2026-03-07T23:41:48.682397+00:00 [FASTLINK] stats ok=132 fail=0 skippedNoConn=392 v=3 packet=523 uptime=12042 connected=0
2026-03-07T23:41:50.532458+00:00 [FASTLINK] stats ok=132 fail=0 skippedNoConn=493 v=3 packet=624 uptime=14043 connected=0
2026-03-07T23:41:50.840316+00:00 Device connected handle=1 addr=59:a6:86:b8:6b:f6 bonded=0 encrypted=0
2026-03-07T23:41:51.150183+00:00 [BLE] Auth complete addr=59:a6:86:b8:6b:f6 id=8c:c5:d0:6f:6d:89 bonded=1 encrypted=1 keySize=16
2026-03-07T23:41:52.067538+00:00 [BLE] Link tune handle=1 connParams=REQUESTED
2026-03-07T23:41:52.678032+00:00 [FASTLINK] stats ok=213 fail=0 skippedNoConn=511 v=3 packet=723 uptime=16042 connected=1
2026-03-07T23:41:53.602914+00:00 Device disconnected reason=531
2026-03-07T23:41:53.603064+00:00 [BLE] Legacy adv start=OK mode=BONDED bonds=1 whitelist=1
2026-03-07T23:41:54.516402+00:00 [FASTLINK] stats ok=267 fail=0 skippedNoConn=559 v=3 packet=825 uptime=18095 connected=0
2026-03-07T23:41:56.671229+00:00 [FASTLINK] stats ok=267 fail=0 skippedNoConn=659 v=3 packet=925 uptime=20095 connected=0
2026-03-07T23:41:58.504220+00:00 [FASTLINK] stats ok=267 fail=0 skippedNoConn=759 v=3 packet=1025 uptime=22095 connected=0
2026-03-07T23:41:59.736186+00:00 Button pressedINACTIVE
2026-03-07T23:42:00.041343+00:00 Button released after 140ms
2026-03-07T23:42:00.041531+00:00 Button pressed
2026-03-07T23:42:00.041625+00:00 Arm sequence state: ACTIVE
2026-03-07T23:42:00.655833+00:00 Button released after [FASTLINK] stats ok=267 fail=0 skippedNoConn=859 v=3 packet=1125 uptime=24095 connected=0
2026-03-07T23:42:00.962591+00:00 Device connected handle=1 addr=59:a6:86:b8:6b:f6 bonded=0 encrypted=0
2026-03-07T23:42:00.962708+00:00 [BLE] Auth complete addr=59:a6:86:b8:6b:f6 id=8c:c5:d0:6f:6d:89 bonded=1 encrypted=1 keySize=16
2026-03-07T23:42:01.880388+00:00 Arm sequence timed out - waiting too 
2026-03-07T23:42:02.190545+00:00 [BLE] Link tune handle=1 connParams=REQUESTED
2026-03-07T23:42:02.494038+00:00 [FASTLINK] stats ok=348 fail=0 skippedNoConn=878 v=3 packet=1225 uptime=26095 connected=1
2026-03-07T23:42:02.726689+00:00 [HOST] serial error on /dev/cu.usbmodem101: read failed: [Errno 6] Device not configured
2026-03-07T23:42:08.775240+00:00 [HOST] connected to /dev/cu.usbmodem101
2026-03-07T23:42:08.792261+00:00 ESP-ROM:esp32s3-20210327
2026-03-07T23:42:08.792406+00:00 Build:Mar 27 2021
2026-03-07T23:42:08.792464+00:00 rst:0x15 (USB_UART_CHIP_RESET),boot:0x2b (SPI_FAST_FLASH_BOOT)
2026-03-07T23:42:08.792515+00:00 Saved PC:0x420a46a2
2026-03-07T23:42:08.792562+00:00 SPIWP:0xee
2026-03-07T23:42:08.792601+00:00 mode:DIO, clock div:1
2026-03-07T23:42:08.792638+00:00 load:0x3fce3808,len:0x4bc
2026-03-07T23:42:08.792686+00:00 load:0x403c9700,len:0xbd8
2026-03-07T23:42:08.792728+00:00 load:0x403cc700,len:0x2a0c
2026-03-07T23:42:09.082732+00:00 entry 0x403c98d0
2026-03-07T23:42:09.082864+00:00 [DIAG] boot=19 rst=USB_UART plan=none prev=DISARMED up=0ms age=0/0/0ms esc=0 bms=0 heap=0/0 cdmp=0
2026-03-07T23:42:09.082915+00:00 Build date/time: Mar  7 2026 18:00:26
2026-03-07T23:42:09.082942+00:00 Device data loaded from Preferences
2026-03-07T23:42:09.082969+00:00 Booting up V7.5 git:774115a
2026-03-07T23:42:09.082994+00:00 Setting up SPI bus
2026-03-07T23:42:09.389728+00:00 Initializing display system
2026-03-07T23:42:10.309930+00:00 Display driver registered
2026-03-07T23:42:10.310063+00:00 [AlertDisplay] Init complete
2026-03-07T23:42:10.310128+00:00 Initializing BMS CAN...
2026-03-07T23:42:10.310174+00:00 BMS CAN initialized successfully
2026-03-07T23:42:10.310212+00:00 TWAI Driver installed
2026-03-07T23:42:10.310248+00:00 TWAI Driver started
2026-03-07T23:42:10.310282+00:00 CAN Alerts reconfigured
2026-03-07T23:42:10.365150+00:00 [BLE] Legacy adv start=OK mode=BONDED bonds=1 whitelist=1
2026-03-07T23:42:10.365319+00:00 BLE device ready
2026-03-07T23:42:10.365406+00:00 Waiting for a client connection...
2026-03-07T23:42:10.365665+00:00 Initializing Simple Monitor System
2026-03-07T23:42:10.365748+00:00 Monitoring 39 sensors
2026-03-07T23:42:10.365805+00:00 Displaying LVGL splash screen
2026-03-07T23:42:11.432423+00:00 {"diag_v":1,"hist_n":16,"cur":{"boot":19,"rst":"USB_UART","raw0":21,"raw1":21,"plan":"none","snap_ok":false,"prev_state":"DISARMED","prev_up_ms":0,"thr_age_ms":0,"ui_age_ms":0,"bms_age_ms":0,"free_heap":0,"min_heap":0,"esc_ok":false,"bms_ok":false,"cdmp":{"present":false,"valid":false}},"hist":[{"boot":4,"rst":"UNKNOWN","raw0":21,"raw1":21,"plan":"none","snap_ok":true,"prev_state":"DISARMED","prev_up_ms":25768,"thr_age_ms":1,"ui_age_ms":69,"bms_age_ms":100,"free_heap":114596,"min_heap":111836,"esc_ok":false,"bms_ok":true,"cdmp":{"present":false,"valid":false}},{"boot":5,"rst":"PANIC","raw0":12,"raw1":12,"plan":"none","snap_ok":true,"prev_state":"DISARMED","prev_up_ms":3561,"thr_age_ms":2,"ui_age_ms":2,"bms_age_ms":0,"free_heap":114724,"min_heap":114208,"esc_ok":false,"bms_ok":true,"cdmp":{"present":true,"valid":true,"task":"WebSerial","pc":1077362828,"cause":65,"vaddr":0,"bt":[1077362828]}},{"boot":6,"rst":"PANIC","raw0":12,"raw1":12,"plan":"none","snap_ok":true,"prev_state":"DISARMED","prev_up_ms":1606,"thr_age_ms":1,"ui_age_ms":2,"bms_age_ms":0,"free_heap":121572,"min_heap":121560,"esc_ok":false,"bms_ok":true,"cdmp":{"present":true,"valid":true,"task":"WebSerial","pc":1077362828,"cause":65,"vaddr":0,"bt":[1077362828]}},{"boot":7,"rst":"PANIC","raw0":12,"raw1":12,"plan":"none","snap_ok":true,"prev_state":"DISARMED","prev_up_ms":1603,"thr_age_ms":2,"ui_age_ms":3,"bms_age_ms":2,"free_heap":122076,"min_heap":122040,"esc_ok":false,"bms_ok":true,"cdmp":{"present":true,"valid":true,"task":"WebSerial","pc":1077362828,"cause":65,"vaddr":0,"bt":[1077362828]}},{"boot":8,"rst":"PANIC","raw0":12,"raw1":12,"plan":"none","snap_ok":true,"prev_state":"DISARMED","prev_up_ms":1613,"thr_age_ms":1,"ui_age_ms":1,"bms_age_ms":0,"free_heap":117196,"min_heap":116800,"esc_ok":false,"bms_ok":true,"cdmp":{"present":true,"valid":true,"task":"WebSerial","pc":1077362828,"cause":65,"vaddr":0,"bt":[1077362828]}},{"boot":9,"rst":"PANIC","raw0":12,"raw1":12,"plan":"none","snap_ok":true,"prev_state":"DISARMED","prev_up_ms":1602,"thr_age_ms":1,"ui_age_ms":1,"bms_age_ms":0,"free_heap":117196,"min_heap":117160,"esc_ok":false,"bms_ok":true,"cdmp":{"present":true,"valid":true,"task":"WebSerial","pc":1077362828,"cause":65,"vaddr":0,"bt":[1077362828]}},{"boot":10,"rst":"UNKNOWN","raw0":21,"raw1":21,"plan":"none","snap_ok":true,"prev_state":"DISARMED","prev_up_ms":47706,"thr_age_ms":4,"ui_age_ms":7,"bms_age_ms":3,"free_heap":113700,"min_heap":113180,"esc_ok":false,"bms_ok":true,"cdmp":{"present":false,"valid":false}},{"boot":11,"rst":"USB_UART","raw0":21,"raw1":21,"plan":"none","snap_ok":true,"prev_state":"DISARMED","prev_up_ms":477664,"thr_age_ms":12,"ui_age_ms":32,"bms_age_ms":8,"free_heap":113712,"min_heap":111684,"esc_ok":false,"bms_ok":true,"cdmp":{"present":false,"valid":false}},{"boot":12,"rst":"USB_UART","raw0":21,"raw1":21,"plan":"none","snap_ok":true,"prev_state":"DISARMED","prev_up_ms":14769,"thr_age_ms":3,"ui_age_ms":31,"bms_age_ms":0,"free_heap":111008,"min_heap":108980,"esc_ok":false,"bms_ok":true,"cdmp":{"present":false,"valid":false}},{"boot":13,"rst":"USB_UART","raw0":21,"raw1":21,"plan":"none","snap_ok":true,"prev_state":"DISARMED","prev_up_ms":33958,"thr_age_ms":3,"ui_age_ms":6,"bms_age_ms":3,"free_heap":110140,"min_heap":104804,"esc_ok":false,"bms_ok":true,"cdmp":{"present":false,"valid":false}},{"boot":14,"rst":"USB_UART","raw0":21,"raw1":21,"plan":"none","snap_ok":true,"prev_state":"DISARMED","prev_up_ms":63660,"thr_age_ms":4,"ui_age_ms":3,"bms_age_ms":2,"free_heap":110204,"min_heap":105828,"esc_ok":false,"bms_ok":true,"cdmp":{"present":false,"valid":false}},{"boot":15,"rst":"USB_UART","raw0":21,"raw1":21,"plan":"none","snap_ok":true,"prev_state":"DISARMED","prev_up_ms":157962,"thr_age_ms":2,"ui_age_ms":5,"bms_age_ms":1,"free_heap":108388,"min_heap":102828,"esc_ok":false,"bms_ok":true,"cdmp":{"present":false,"valid":false}},{"boot":16,"rst":"USB_UART","raw0":21,"raw1":21,"plan":"none","snap_ok":true,"prev_state":"DISARMED","prev_up_ms":14684,"thr_age_ms":1,"ui_age_ms":4,"bms_age_ms":1,"free_heap":110400,"min_heap":109492,"esc_ok":false,"bms_ok":true,"cdmp":{"present":false,"valid":false}},{"boot":17,"rst":"USB_UART","raw0":21,"raw1":21,"plan":"none","snap_ok":true,"prev_state":"DISARMED","prev_up_ms":2437803,"thr_age_ms":15,"ui_age_ms":35,"bms_age_ms":34,"free_heap":110740,"min_heap":97920,"esc_ok":false,"bms_ok":true,"cdmp":{"present":false,"valid":false}},{"boot":18,"rst":"POWERON","raw0":1,"raw1":1,"plan":"none","snap_ok":false,"prev_state":"DISARMED","prev_up_ms":0,"thr_age_ms":0,"ui_age_ms":0,"bms_age_ms":0,"free_heap":0,"min_heap":0,"esc_ok":false,"bms_ok":false,"cdmp":{"present":false,"valid":false}},{"boot":19,"rst":"USB_UART","raw0":21,"raw1":21,"plan":"none","snap_ok":false,"prev_state":"DISARMED","prev_up_ms":0,"thr_age_ms":0,"ui_age_ms":0,"bms_age_ms":0,"free_heap":0,"min_heap":0,"esc_ok":false,"bms_ok":false,"cdmp":{"present":false,"valid":false}}]}
2026-03-07T23:42:11.433477+00:00 [FASTLINK] stats ok=0 fail=0 skippedNoConn=23 v=3 packet=22 uptime=2010 connected=0
2026-03-07T23:42:12.477016+00:00 {"diag_v":1,"hist_n":16,"cur":{"boot":19,"rst":"USB_UART","raw0":21,"raw1":21,"plan":"none","snap_ok":false,"prev_state":"DISARMED","prev_up_ms":0,"thr_age_ms":0,"ui_age_ms":0,"bms_age_ms":0,"free_heap":0,"min_heap":0,"esc_ok":false,"bms_ok":false,"cdmp":{"present":false,"valid":false}},"hist":[{"boot":4,"rst":"UNKNOWN","raw0":21,"raw1":21,"plan":"none","snap_ok":true,"prev_state":"DISARMED","prev_up_ms":25768,"thr_age_ms":1,"ui_age_ms":69,"bms_age_ms":100,"free_heap":114596,"min_heap":111836,"esc_ok":false,"bms_ok":true,"cdmp":{"present":false,"valid":false}},{"boot":5,"rst":"PANIC","raw0":12,"raw1":12,"plan":"none","snap_ok":true,"prev_state":"DISARMED","prev_up_ms":3561,"thr_age_ms":2,"ui_age_ms":2,"bms_age_ms":0,"free_heap":114724,"min_heap":114208,"esc_ok":false,"bms_ok":true,"cdmp":{"present":true,"valid":true,"task":"WebSerial","pc":1077362828,"cause":65,"vaddr":0,"bt":[1077362828]}},{"boot":6,"rst":"PANIC","raw0":12,"raw1":12,"plan":"none","snap_ok":true,"prev_state":"DISARMED","prev_up_ms":1606,"thr_age_ms":1,"ui_age_ms":2,"bms_age_ms":0,"free_heap":121572,"min_heap":121560,"esc_ok":false,"bms_ok":true,"cdmp":{"present":true,"valid":true,"task":"WebSerial","pc":1077362828,"cause":65,"vaddr":0,"bt":[1077362828]}},{"boot":7,"rst":"PANIC","raw0":12,"raw1":12,"plan":"none","snap_ok":true,"prev_state":"DISARMED","prev_up_ms":1603,"thr_age_ms":2,"ui_age_ms":3,"bms_age_ms":2,"free_heap":122076,"min_heap":122040,"esc_ok":false,"bms_ok":true,"cdmp":{"present":true,"valid":true,"task":"WebSerial","pc":1077362828,"cause":65,"vaddr":0,"bt":[1077362828]}},{"boot":8,"rst":"PANIC","raw0":12,"raw1":12,"plan":"none","snap_ok":true,"prev_state":"DISARMED","prev_up_ms":1613,"thr_age_ms":1,"ui_age_ms":1,"bms_age_ms":0,"free_heap":117196,"min_heap":116800,"esc_ok":false,"bms_ok":true,"cdmp":{"present":true,"valid":true,"task":"WebSerial","pc":1077362828,"cause":65,"vaddr":0,"bt":[1077362828]}},{"boot":9,"rst":"PANIC","raw0":12,"raw1":12,"plan":"none","snap_ok":true,"prev_state":"DISARMED","prev_up_ms":1602,"thr_age_ms":1,"ui_age_ms":1,"bms_age_ms":0,"free_heap":117196,"min_heap":117160,"esc_ok":false,"bms_ok":true,"cdmp":{"present":true,"valid":true,"task":"WebSerial","pc":1077362828,"cause":65,"vaddr":0,"bt":[1077362828]}},{"boot":10,"rst":"UNKNOWN","raw0":21,"raw1":21,"plan":"none","snap_ok":true,"prev_state":"DISARMED","prev_up_ms":47706,"thr_age_ms":4,"ui_age_ms":7,"bms_age_ms":3,"free_heap":113700,"min_heap":113180,"esc_ok":false,"bms_ok":true,"cdmp":{"present":false,"valid":false}},{"boot":11,"rst":"USB_UART","raw0":21,"raw1":21,"plan":"none","snap_ok":true,"prev_state":"DISARMED","prev_up_ms":477664,"thr_age_ms":12,"ui_age_ms":32,"bms_age_ms":8,"free_heap":113712,"min_heap":111684,"esc_ok":false,"bms_ok":true,"cdmp":{"present":false,"valid":false}},{"boot":12,"rst":"USB_UART","raw0":21,"raw1":21,"plan":"none","snap_ok":true,"prev_state":"DISARMED","prev_up_ms":14769,"thr_age_ms":3,"ui_age_ms":31,"bms_age_ms":0,"free_heap":111008,"min_heap":108980,"esc_ok":false,"bms_ok":true,"cdmp":{"present":false,"valid":false}},{"boot":13,"rst":"USB_UART","raw0":21,"raw1":21,"plan":"none","snap_ok":true,"prev_state":"DISARMED","prev_up_ms":33958,"thr_age_ms":3,"ui_age_ms":6,"bms_age_ms":3,"free_heap":110140,"min_heap":104804,"esc_ok":false,"bms_ok":true,"cdmp":{"present":false,"valid":false}},{"boot":14,"rst":"USB_UART","raw0":21,"raw1":21,"plan":"none","snap_ok":true,"prev_state":"DISARMED","prev_up_ms":63660,"thr_age_ms":4,"ui_age_ms":3,"bms_age_ms":2,"free_heap":110204,"min_heap":105828,"esc_ok":false,"bms_ok":true,"cdmp":{"present":false,"valid":false}},{"boot":15,"rst":"USB_UART","raw0":21,"raw1":21,"plan":"none","snap_ok":true,"prev_state":"DISARMED","prev_up_ms":157962,"thr_age_ms":2,"ui_age_ms":5,"bms_age_ms":1,"free_heap":108388,"min_heap":102828,"esc_ok":false,"bms_ok":true,"cdmp":{"present":false,"valid":false}},{"boot":16,"rst":"USB_UART","raw0":21,"raw1":21,"plan":"none","snap_ok":true,"prev_state":"DISARMED","prev_up_ms":14684,"thr_age_ms":1,"ui_age_ms":4,"bms_age_ms":1,"free_heap":110400,"min_heap":109492,"esc_ok":false,"bms_ok":true,"cdmp":{"present":false,"valid":false}},{"boot":17,"rst":"USB_UART","raw0":21,"raw1":21,"plan":"none","snap_ok":true,"prev_state":"DISARMED","prev_up_ms":2437803,"thr_age_ms":15,"ui_age_ms":35,"bms_age_ms":34,"free_heap":110740,"min_heap":97920,"esc_ok":false,"bms_ok":true,"cdmp":{"present":false,"valid":false}},{"boot":18,"rst":"POWERON","raw0":1,"raw1":1,"plan":"none","snap_ok":false,"prev_state":"DISARMED","prev_up_ms":0,"thr_age_ms":0,"ui_age_ms":0,"bms_age_ms":0,"free_heap":0,"min_heap":0,"esc_ok":false,"bms_ok":false,"cdmp":{"present":false,"valid":false}},{"boot":19,"rst":"USB_UART","raw0":21,"raw1":21,"plan":"none","snap_ok":false,"prev_state":"DISARMED","prev_up_ms":0,"thr_age_ms":0,"ui_age_ms":0,"bms_age_ms":0,"free_heap":0,"min_heap":0,"esc_ok":false,"bms_ok":false,"cdmp":{"present":false,"valid":false}}]}
2026-03-07T23:42:12.478205+00:00 Setting up main screen after splash
2026-03-07T23:42:12.478278+00:00 Main screen loaded
2026-03-07T23:42:12.544802+00:00 {"mj_v":7,"mi_v":5,"arch":"ESP32S3","scr_rt":3,"ar_tme":56,"m_tmp":true,"m_alt":false,"prf":1,"sea_p":1013.25,"thm":0}
2026-03-07T23:42:12.544969+00:00 Init complete. UI + BMS loop running
2026-03-07T23:42:12.545097+00:00 Sensor monitoring enabled
2026-03-07T23:42:12.545177+00:00 [MONITOR] BMS reconnected - resetting BMS monitor states
2026-03-07T23:42:12.853518+00:00 [3770] [CRIT_HIGH] BMS_Discharge_MOS = OFF
2026-03-07T23:42:12.853693+00:00 [Alert] Sending UI update: crit=1 warn=0 critActive=1
2026-03-07T23:42:12.853771+00:00 [UI] Starting critical border flash
2026-03-07T23:42:12.853824+00:00 [FASTLINK] stats ok=0 fail=0 skippedNoConn=121 v=3 packet=120 uptime=4025 connected=0
2026-03-07T23:42:15.005845+00:00 [FASTLINK] stats ok=0 fail=0 skippedNoConn=223 v=3 packet=222 uptime=6048 connected=0
2026-03-07T23:42:15.006012+00:00 Device connected handle=1 addr=59:a6:86:b8:6b:f6 bonded=0 encrypted=0
2026-03-07T23:42:15.314610+00:00 [BLE] Auth complete addr=59:a6:86:b8:6b:f6 id=8c:c5:d0:6f:6d:89 bonded=1 encrypted=1 keySize=16
2026-03-07T23:42:16.232761+00:00 [BLE] Link tune handle=1 connParams=REQUESTED
2026-03-07T23:42:16.848203+00:00 Button pressed
2026-03-07T23:42:16.848352+00:00 Arm sequence state: INACT
2026-03-07T23:42:16.848416+00:00 Button released after 130ms
2026-03-07T23:42:17.153473+00:00 [FASTLINK] stats ok=99 fail=0 skippedNoConn=225 v=3 packet=323 uptime=8086 connected=1
2026-03-07T23:42:17.153644+00:00 Button pressed
2026-03-07T23:42:17.153699+00:00 Arm sequence state: ACTIVE
2026-03-07T23:42:17.764609+00:00 Device disconnected reason=531
2026-03-07T23:42:17.764760+00:00 [BLE] Legacy adv start=OK mode=BONDED bonds=1 whitelist=1
2026-03-07T23:42:18.987673+00:00 [FASTLINK] stats ok=132 fail=0 skippedNoConn=293 v=3 packet=424 uptime=10116 connected=0
2026-03-07T23:42:18.987863+00:00 Arm sequence complete - t
2026-03-07T23:42:18.987936+00:00 Devic
2026-03-07T23:42:19.293162+00:00 Button released after 
2026-03-07T23:42:20.820329+00:00 Quick clicArm sequence timed out - waiting tg between click and hold
2026-03-07T23:42:21.125273+00:00 [FASTLINK] stats ok=132 fail=0 skippedNoConn=397 v=3 packet=528 uptime=12170 connected=0
2026-03-07T23:42:23.263556+00:00 [FASTLINK] stats ok=132 fail=0 skippedNoConn=498 v=3 packet=629 uptime=14202 connected=0
2026-03-07T23:42:25.103588+00:00 [FASTLINK] stats ok=132 fail=0 skippedNoConn=601 v=3 packet=732 uptime=16252 connected=0
2026-03-07T23:42:27.246016+00:00 [FASTLINK] stats ok=132 fail=0 skippedNoConn=703 v=3 packet=834 uptime=18314 connected=0
2026-03-07T23:42:29.395722+00:00 [FASTLINK] stats ok=132 fail=0 skippedNoConn=806 v=3 packet=937 uptime=20364 connected=0
2026-03-07T23:42:29.395815+00:00 [20470] [OK] BMS_Discharge_MOS = ON
2026-03-07T23:42:29.395845+00:00 [Alert] Sending UI update: crit=0 warn=0 critActive=0
2026-03-07T23:42:29.395866+00:00 [UI] Stopping critical border flash
2026-03-07T23:42:30.922624+00:00 Device connected handle=1 addr=59:a6:86:b8:6b:f6 bonded=0 encrypted=0
2026-03-07T23:42:31.231328+00:00 [BLE] Auth complete addr=59:a6:86:b8:6b:f6 id=8c:c5:d0:6f:6d:89 bonded=1 encrypted=1 keySize=16
2026-03-07T23:42:31.846100+00:00 [FASTLINK] stats ok=143ime=22378 connected=1
2026-03-07T23:42:31.846384+00:00 ESC State: 0 -> CONNECTED
2026-03-07T23:42:31.846460+00:00 ESC: Auto-requesting hardware info
2026-03-07T23:42:31.846516+00:00 [MONITOR] ESC reconne
2026-03-07T23:42:32.150679+00:00 [BLE] Link tune handle=1 connParams=REQUESTED
2026-03-07T23:42:33.372167+00:00 [FASTLINK] stats ok=245 fail=0 skippedNoConn=896 v=3 packet=1140 uptime=24436 connected=1
2026-03-07T23:42:33.679151+00:00 Device disconnected reason=531
2026-03-07T23:42:33.679369+00:00 [BLE] Legacy adv start=OK mode=BONDED bonds=1 whitelist=1
2026-03-07T23:42:35.521560+00:00 [FASTLINK] stats ok=262 fail=0 skippedNoConn=983 v=3 packet=1244 uptime=26494 connected=0
2026-03-07T23:42:39.504858+00:00 [FASTLINK] stats ok=262 fail=0 skippedNoConn=1086 v=3 packet=1347 uptime=28559 connected=0
2026-03-07T23:42:39.505070+00:00 [FASTLINK] stats ok=262 fail=0 skippedNoConn=1189 v=3 packet=1450 uptime=30627 connected=0
2026-03-07T23:42:39.810177+00:00 Button pressed
2026-03-07T23:42:39.810331+00:00 Arm sequence state: INACTIVE
2026-03-07T23:42:41.645815+00:00 [FASTLINK] stats ok=262 fail=0 skippedNoConn=1291 v=3 packet=1552 uptime=32663 connected=0
2026-03-07T23:42:41.954281+00:00 Cruise control button activated
2026-03-07T23:42:41.954423+00:00 Device State Changed to: ARMED_CRUISING
2026-03-07T23:42:41.954464+00:00 Cruise PWM initialized/updated to: 1080
2026-03-07T23:42:42.261418+00:00 Button released after ted
2026-03-07T23:42:43.491890+00:00 [FASTLINK] stats ok=262 fail=0 skippedNoConn=1391 v=3 packet=1652 uptime=34664 connected=0
2026-03-07T23:42:43.797960+00:00 Arm sequence timed out - waiting too 
2026-03-07T23:42:45.636550+00:00 [FASTLINK] stats ok=262 fail=0 skippedNoConn=1492 v=3 packet=1753 uptime=36692 connected=0
2026-03-07T23:42:47.170095+00:00 Device connected handle=1 addr=59:a6:86:b8:6b:f6 bonded=0 encrypted=0
2026-03-07T23:42:47.170234+00:00 [BLE] Auth complete addr=59:a6:86:b8:6b:f6 id=8c:c5:d0:6f:6d:89 bonded=1 encrypted=1 keySize=16
2026-03-07T23:42:47.779987+00:00 [FASTLINK] stats ok=293 fail=0 skippedNoConn=1564 v=3 packet=1856 uptime=38745 connected=1
2026-03-07T23:42:48.395188+00:00 [BLE] Link tune handle=1 connParams=REQUESTED
2026-03-07T23:42:49.627062+00:00 [FASTLINK] stats ok=394 fail=0 skippedNoConn=1564 v=3 packet=1957 uptime=40710 connected=1
2026-03-07T23:42:49.627194+00:00 Device disconnected reason=531
2026-03-07T23:42:49.627243+00:00 [BLE] Legacy adv start=OK mode=BONDED bonds=1 whitelist=1
2026-03-07T23:42:51.770117+00:00 [FASTLINK] stats ok=397 fail=0 skippedNoConn=1662 v=3 packet=2058 uptime=42791 connected=0
2026-03-07T23:42:53.607081+00:00 [FASTLINK] stats ok=397 fail=0 skippedNoConn=1763 v=3 packet=2159 uptime=44821 connected=0
2026-03-07T23:42:55.742984+00:00 [FASTLINK] stats ok=397 fail=0 skippedNoConn=1864 v=3 packet=2260 uptime=46770 connected=0
2026-03-07T23:42:57.891965+00:00 [FASTLINK] stats ok=397 fail=0 skippedNoConn=1966 v=3 packet=2362 uptime=48859 connected=0
2026-03-07T23:42:59.725222+00:00 [FASTLINK] stats ok=397 fail=0 skippedNoConn=2067 v=3 packet=2463 uptime=50893 connected=0
2026-03-07T23:43:01.866861+00:00 [FASTLINK] stats ok=397 fail=0 skippedNoConn=2168 v=3 packet=2564 uptime=52913 connected=0
2026-03-07T23:43:03.102573+00:00 Device connected handle=1 addr=59:a6:86:b8:6b:f6 bonded=0 encrypted=0
2026-03-07T23:43:03.409036+00:00 [BLE] Auth complete addr=59:a6:86:b8:6b:f6 id=8c:c5:d0:6f:6d:89 bonded=1 encrypted=1 keySize=16
2026-03-07T23:43:03.718017+00:00 [FASTLINK] stats ok=430 fail=0 skippedNoConn=2235 v=3 packet=2664 uptime=54921 connected=1
2026-03-07T23:43:04.335028+00:00 [BLE] Link tune handle=1 connParams=REQUESTED
2026-03-07T23:43:05.865385+00:00 Device disconnected reason=531
2026-03-07T23:43:05.865840+00:00 [BLE] Legacy adv start=OK mode=BONDED bonds=1 whitelist=1
2026-03-07T23:43:07.698403+00:00 [FASTLINK] stats ok=526 fail=0 skippedNoConn=2239 v=3 packet=2764 uptime=56921 connected=0
2026-03-07T23:43:07.698592+00:00 [FASTLINK] stats ok=526 fail=0 skippedNoConn=2339 v=3 packet=2864 uptime=58921 connected=0
2026-03-07T23:43:09.839075+00:00 [FASTLINK] stats ok=526 fail=0 skippedNoConn=2440 v=3 packet=2965 uptime=60870 connected=0
2026-03-07T23:43:11.987011+00:00 [FASTLINK] stats ok=526 fail=0 skippedNoConn=2541 v=3 packet=3066 uptime=62945 connected=0
2026-03-07T23:43:13.830725+00:00 [FASTLINK] stats ok=526 fail=0 skippedNoConn=2642 v=3 packet=3167 uptime=64965 connected=0
2026-03-07T23:43:15.966619+00:00 [FASTLINK] stats ok=526 fail=0 skippedNoConn=2743 v=3 packet=3268 uptime=66992 connected=0
2026-03-07T23:43:18.115270+00:00 [FASTLINK] stats ok=526 fail=0 skippedNoConn=2845 v=3 packet=3370 uptime=68970 connected=0
2026-03-07T23:43:19.034474+00:00 Device connected handle=1 addr=59:a6:86:b8:6b:f6 bonded=0 encrypted=0
2026-03-07T23:43:19.343250+00:00 [BLE] Auth complete addr=59:a6:86:b8:6b:f6 id=8c:c5:d0:6f:6d:89 bonded=1 encrypted=1 keySize=16
2026-03-07T23:43:19.959326+00:00 [FASTLINK] stats ok=569 fail=0 skippedNoConn=2904 v=3 packet=3472 uptime=71065 connected=1
2026-03-07T23:43:20.264755+00:00 [BLE] Link tune handle=1 connParams=REQUESTED
2026-03-07T23:43:21.793431+00:00 Device disconnected reason=531
2026-03-07T23:43:21.793610+00:00 [BLE] Legacy adv start=OK mode=BONDED bonds=1 whitelist=1
2026-03-07T23:43:22.100218+00:00 [FASTLINK] stats ok=660 fail=0 skippedNoConn=2914 v=3 packet=3573 uptime=73071 connected=0
2026-03-07T23:43:23.940540+00:00 [FASTLINK] stats ok=660 fail=0 skippedNoConn=3014 v=3 packet=3673 uptime=75085 connected=0
2026-03-07T23:43:26.089239+00:00 [FASTLINK] stats ok=660 fail=0 skippedNoConn=3115 v=3 packet=3774 uptime=77120 connected=0
2026-03-07T23:43:27.922674+00:00 [FASTLINK] stats ok=660 fail=0 skippedNoConn=3216 v=3 packet=3875 uptime=79143 connected=0
2026-03-07T23:43:30.076094+00:00 [FASTLINK] stats ok=660 fail=0 skippedNoConn=3318 v=3 packet=3977 uptime=81164 connected=0
2026-03-07T23:43:31.460206+00:00 [HOST] serial error on /dev/cu.usbmodem101: read failed: [Errno 6] Device not configured
